<?xml version="1.0" encoding="utf-8"?><testsuites name="pytest tests"><testsuite name="pytest" errors="0" failures="0" skipped="0" tests="20" time="2.931" timestamp="2026-03-05T15:51:10.668376+00:00" hostname="agent-env-323f5409-fd89-4ae4-8250-942d71511ca5"><testcase classname="backend.tests.test_portal.TestPortalTokenGeneration" name="test_generate_access_token" time="0.661" /><testcase classname="backend.tests.test_portal.TestPortalTokenGeneration" name="test_get_access_token" time="0.071" /><testcase classname="backend.tests.test_portal.TestPortalTokenGeneration" name="test_generate_token_for_nonexistent_client" time="0.068" /><testcase classname="backend.tests.test_portal.TestPortalValidation" name="test_validate_generated_token" time="0.138" /><testcase classname="backend.tests.test_portal.TestPortalValidation" name="test_validate_invalid_token" time="0.103" /><testcase classname="backend.tests.test_portal.TestPortalDashboard" name="test_get_dashboard_data" time="0.080" /><testcase classname="backend.tests.test_portal.TestPortalDashboard" name="test_dashboard_without_auth" time="0.062" /><testcase classname="backend.tests.test_portal.TestPortalContent" name="test_get_portal_content" time="0.075" /><testcase classname="backend.tests.test_portal.TestPortalContent" name="test_content_without_auth" time="0.086" /><testcase classname="backend.tests.test_portal.TestPortalPayments" name="test_get_portal_payments" time="0.071" /><testcase classname="backend.tests.test_portal.TestPortalContract" name="test_get_portal_contract" time="0.069" /><testcase classname="backend.tests.test_portal.TestPortalMessages" name="test_get_portal_messages" time="0.081" /><testcase classname="backend.tests.test_portal.TestPortalMessages" name="test_send_message_from_portal" time="0.063" /><testcase classname="backend.tests.test_portal.TestPortalMessages" name="test_send_empty_message_validation" time="0.068" /><testcase classname="backend.tests.test_portal.TestAdminPortalMessages" name="test_get_client_messages_as_admin" time="0.069" /><testcase classname="backend.tests.test_portal.TestAdminPortalMessages" name="test_send_message_as_admin" time="0.065" /><testcase classname="backend.tests.test_portal.TestContentApproval" name="test_content_approval_endpoint_structure" time="0.168" /><testcase classname="backend.tests.test_portal.TestErrorHandling" name="test_invalid_content_id" time="0.131" /><testcase classname="backend.tests.test_portal.TestErrorHandling" name="test_portal_endpoint_without_token" time="0.375" /><testcase classname="backend.tests.test_portal.TestTokenRevocation" name="test_revoke_access_token" time="0.273" /></testsuite></testsuites>